<?xml version="1.0" encoding="UTF-8"?>
<!-- Generated by org.testng.reporters.JUnitReportReporter -->
<testsuite skipped="0" hostname="Harshitha-GM" name="cucumberOptions.FailedTestRunner" tests="1" failures="1" timestamp="2023-02-24T18:58:26 IST" time="9.674" errors="0">
  <testcase name="runScenario" time="9.674" classname="cucumberOptions.FailedTestRunner">
    <failure type="java.lang.AssertionError" message="expected [No data] but found [Beetroot]">
      <![CDATA[java.lang.AssertionError: expected [No data] but found [Beetroot]
at org.testng.Assert.fail(Assert.java:110)
at org.testng.Assert.failNotEquals(Assert.java:1413)
at org.testng.Assert.assertEqualsImpl(Assert.java:149)
at org.testng.Assert.assertEquals(Assert.java:131)
at org.testng.Assert.assertEquals(Assert.java:655)
at org.testng.Assert.assertEquals(Assert.java:665)
at StepDefinition.OffersPagestepDefinition.validate_product_name_in_offers_page_matches_with_Landing_page(OffersPagestepDefinition.java:46)
at ✽.validate product name in offers page matches with Landing page(file:///C:/Users/Harshitha%20Manjunath/eclipse-workspace/Framework/src/test/java/Features/Login.feature:8)
]]>
    </failure>
  </testcase> <!-- runScenario -->
  <system-out/>
</testsuite> <!-- cucumberOptions.FailedTestRunner -->
